2025-04-13 21:18:48,653 - hybrid-nids - INFO - Initialized service whitelist with 10 DNS servers, 13 NTP servers, and 2 other services
2025-04-13 21:18:48,654 - hybrid-nids - INFO - Loading models from model10...
2025-04-13 21:18:48,873 - hybrid-nids - INFO - XGBoost model loaded successfully.
2025-04-13 21:18:48,874 - hybrid-nids - INFO - Models loaded successfully.
2025-04-13 21:18:48,903 - hybrid-nids - INFO - Analyzing Suricata JSON log file: D:\FPT\Capstone Project\StratosphereLinuxIPS\dataset\test6-malicious.suricata.json
2025-04-13 21:18:48,912 - hybrid-nids - INFO - Discovering field paths in Suricata logs...
2025-04-13 21:18:48,912 - hybrid-nids - INFO - Found direct field for dest_port: dport
2025-04-13 21:18:48,912 - hybrid-nids - INFO - Found direct field for duration: duration
2025-04-13 21:18:48,912 - hybrid-nids - INFO - Found direct field for total_fwd_packets: total_fwd_packets
2025-04-13 21:18:48,913 - hybrid-nids - INFO - Found direct field for total_bwd_packets: total_bwd_packets
2025-04-13 21:18:48,913 - hybrid-nids - INFO - Found direct field for total_fwd_bytes: total_fwd_bytes
2025-04-13 21:18:48,913 - hybrid-nids - INFO - Found direct field for total_bwd_bytes: total_bwd_bytes
2025-04-13 21:18:48,913 - hybrid-nids - INFO - Field path discovery complete: {'dest_port': ['dport'], 'duration': ['duration'], 'total_fwd_packets': ['total_fwd_packets'], 'total_bwd_packets': ['total_bwd_packets'], 'total_fwd_bytes': ['total_fwd_bytes'], 'total_bwd_bytes': ['total_bwd_bytes']}
2025-04-13 21:18:49,270 - hybrid-nids - INFO - ALERT DETECTED
2025-04-13 21:18:49,270 - hybrid-nids - INFO - Source: 65.21.184.14:16374
2025-04-13 21:18:49,271 - hybrid-nids - INFO - Destination: 192.168.1.129:23
2025-04-13 21:18:49,271 - hybrid-nids - INFO - Protocol: TCP
2025-04-13 21:18:49,271 - hybrid-nids - INFO - App Protocol: 
2025-04-13 21:18:49,271 - hybrid-nids - INFO - Flow ID: 1428998623033961
2025-04-13 21:18:49,271 - hybrid-nids - INFO - Duration: 9.059 seconds
2025-04-13 21:18:49,271 - hybrid-nids - INFO - Bytes: 720, Packets: 12
2025-04-13 21:18:49,271 - hybrid-nids - INFO - Anomaly Score: 0.6763
2025-04-13 21:18:49,313 - hybrid-nids - INFO - ALERT DETECTED
2025-04-13 21:18:49,313 - hybrid-nids - INFO - Source: 65.21.184.14:16374
2025-04-13 21:18:49,313 - hybrid-nids - INFO - Destination: 192.168.1.129:23
2025-04-13 21:18:49,313 - hybrid-nids - INFO - Protocol: TCP
2025-04-13 21:18:49,314 - hybrid-nids - INFO - App Protocol: 
2025-04-13 21:18:49,314 - hybrid-nids - INFO - Flow ID: 1428998640126743
2025-04-13 21:18:49,314 - hybrid-nids - INFO - Duration: 4.241 seconds
2025-04-13 21:18:49,314 - hybrid-nids - INFO - Bytes: 480, Packets: 8
2025-04-13 21:18:49,314 - hybrid-nids - INFO - Anomaly Score: 0.5637
2025-04-13 22:45:13,564 - hybrid-nids - WARNING - Telegram credentials missing: TELEGRAM_TOKEN, TELEGRAM_CHAT_ID, API_ID, API_HASH. Set these in your .env file.
2025-04-13 22:45:13,564 - hybrid-nids - INFO - Telegram alerter initialized
2025-04-13 22:45:13,767 - hybrid-nids - INFO - Initialized service whitelist with 10 DNS servers, 13 NTP servers, and 2 other services
2025-04-13 22:45:13,768 - hybrid-nids - INFO - Loading models from model10...
2025-04-13 22:45:13,990 - hybrid-nids - INFO - XGBoost model loaded successfully.
2025-04-13 22:45:14,000 - hybrid-nids - INFO - Models loaded successfully.
2025-04-13 22:45:14,028 - hybrid-nids - INFO - Analyzing Suricata JSON log file: D:\FPT\Capstone Project\StratosphereLinuxIPS\dataset\test6-malicious.suricata.json
2025-04-13 22:45:14,052 - hybrid-nids - INFO - Discovering field paths in Suricata logs...
2025-04-13 22:45:14,053 - hybrid-nids - INFO - Found direct field for dest_port: dport
2025-04-13 22:45:14,053 - hybrid-nids - INFO - Found direct field for duration: duration
2025-04-13 22:45:14,053 - hybrid-nids - INFO - Found direct field for total_fwd_packets: total_fwd_packets
2025-04-13 22:45:14,053 - hybrid-nids - INFO - Found direct field for total_bwd_packets: total_bwd_packets
2025-04-13 22:45:14,053 - hybrid-nids - INFO - Found direct field for total_fwd_bytes: total_fwd_bytes
2025-04-13 22:45:14,053 - hybrid-nids - INFO - Found direct field for total_bwd_bytes: total_bwd_bytes
2025-04-13 22:45:14,053 - hybrid-nids - INFO - Field path discovery complete: {'dest_port': ['dport'], 'duration': ['duration'], 'total_fwd_packets': ['total_fwd_packets'], 'total_bwd_packets': ['total_bwd_packets'], 'total_fwd_bytes': ['total_fwd_bytes'], 'total_bwd_bytes': ['total_bwd_bytes']}
2025-04-13 22:45:14,393 - hybrid-nids - INFO - ALERT DETECTED
2025-04-13 22:45:14,393 - hybrid-nids - INFO - Source: 65.21.184.14:16374
2025-04-13 22:45:14,394 - hybrid-nids - INFO - Destination: 192.168.1.129:23
2025-04-13 22:45:14,394 - hybrid-nids - INFO - Protocol: TCP
2025-04-13 22:45:14,394 - hybrid-nids - INFO - App Protocol: 
2025-04-13 22:45:14,394 - hybrid-nids - INFO - Flow ID: 1428998623033961
2025-04-13 22:45:14,394 - hybrid-nids - INFO - Duration: 9.059 seconds
2025-04-13 22:45:14,394 - hybrid-nids - INFO - Bytes: 720, Packets: 12
2025-04-13 22:45:14,394 - hybrid-nids - INFO - Anomaly Score: 0.6763
2025-04-13 22:45:14,394 - hybrid-nids - ERROR - Error sending Telegram alert: 'TelegramAlerter' object has no attribute 'connected'
2025-04-13 22:45:14,434 - hybrid-nids - INFO - ALERT DETECTED
2025-04-13 22:45:14,435 - hybrid-nids - INFO - Source: 65.21.184.14:16374
2025-04-13 22:45:14,436 - hybrid-nids - INFO - Destination: 192.168.1.129:23
2025-04-13 22:45:14,436 - hybrid-nids - INFO - Protocol: TCP
2025-04-13 22:45:14,436 - hybrid-nids - INFO - App Protocol: 
2025-04-13 22:45:14,436 - hybrid-nids - INFO - Flow ID: 1428998640126743
2025-04-13 22:45:14,436 - hybrid-nids - INFO - Duration: 4.241 seconds
2025-04-13 22:45:14,436 - hybrid-nids - INFO - Bytes: 480, Packets: 8
2025-04-13 22:45:14,436 - hybrid-nids - INFO - Anomaly Score: 0.5637
2025-04-13 22:45:14,436 - hybrid-nids - ERROR - Error sending Telegram alert: 'TelegramAlerter' object has no attribute 'connected'
